<?xml version="1.0" encoding="UTF-8"?>
<!-- Generated by org.testng.reporters.JUnitReportReporter -->
<testsuite hostname="Somashekars-iMac.local" failures="0" tests="3" name="com.qa.hrm.pagetests.LoginPageTest" time="7.720" errors="0" timestamp="2024-04-29T07:40:16 IST" skipped="0">
  <testcase classname="com.qa.hrm.pagetests.LoginPageTest" name="loginPageCurrentUrl" time="0.066"/>
  <system-out/>
  <testcase classname="com.qa.hrm.pagetests.LoginPageTest" name="loginPageTitle" time="0.011"/>
  <system-out/>
  <testcase classname="com.qa.hrm.pagetests.LoginPageTest" name="doLoginPageTest" time="7.643"/>
  <system-out/>
</testsuite> <!-- com.qa.hrm.pagetests.LoginPageTest -->
