<?xml version="1.0" encoding="UTF-8"?>
<!-- Generated by org.testng.reporters.JUnitReportReporter -->
<testsuite hostname="Somashekars-iMac.local" failures="0" tests="3" name="com.qa.hrm.pagetests.LoginPageTest" time="1.792" errors="0" timestamp="2024-05-07T07:44:05 IST" skipped="0">
  <testcase classname="com.qa.hrm.pagetests.LoginPageTest" name="loginPageCurrentUrl" time="0.252"/>
  <system-out/>
  <testcase classname="com.qa.hrm.pagetests.LoginPageTest" name="loginPageTitle" time="0.020"/>
  <system-out/>
  <testcase classname="com.qa.hrm.pagetests.LoginPageTest" name="doLoginPageTest" time="1.520"/>
  <system-out/>
</testsuite> <!-- com.qa.hrm.pagetests.LoginPageTest -->
