<?xml version="1.0" encoding="UTF-8"?>
<!-- Generated by org.testng.reporters.JUnitReportReporter -->
<testsuite hostname="Somashekars-iMac.local" failures="0" tests="4" name="com.qa.hrm.pagetests.LoginPageTest" time="3.467" errors="0" timestamp="2024-05-06T07:44:10 IST" skipped="0">
  <testcase classname="com.qa.hrm.pagetests.LoginPageTest" name="doLoginPageTest" time="1.681"/>
  <system-out/>
  <testcase classname="com.qa.hrm.pagetests.LoginPageTest" name="loginPageTitle" time="0.024"/>
  <system-out/>
  <testcase classname="com.qa.hrm.pagetests.LoginPageTest" name="loginPageTitle" time="0.011"/>
  <system-out/>
  <testcase classname="com.qa.hrm.pagetests.LoginPageTest" name="doLoginPageTest" time="1.751"/>
  <system-out/>
</testsuite> <!-- com.qa.hrm.pagetests.LoginPageTest -->
