<?xml version="1.0" encoding="UTF-8"?>
<!-- Generated by org.testng.reporters.JUnitReportReporter -->
<testsuite hostname="Somashekars-iMac.local" failures="0" tests="1" name="com.qa.hrm.pagetests.LoginPageTest" time="0.038" errors="0" timestamp="2024-05-02T07:13:08 IST" skipped="0">
  <testcase classname="com.qa.hrm.pagetests.LoginPageTest" name="loginPageTitle" time="0.038"/>
  <system-out/>
</testsuite> <!-- com.qa.hrm.pagetests.LoginPageTest -->
